  [4;36;1mSQL (0.000000)[0m   [0;1mSET NAMES 'utf8'[0m
  [4;35;1mSQL (0.000000)[0m   [0mSET SQL_AUTO_IS_NULL=0[0m
  [4;36;1mSQL (0.000000)[0m   [0;1mSET NAMES 'utf8'[0m
  [4;35;1mSQL (0.000000)[0m   [0mSET SQL_AUTO_IS_NULL=0[0m
  [4;36;1mSQL (0.001000)[0m   [0;1mCREATE DATABASE `depot_development` DEFAULT CHARACTER SET `utf8` COLLATE `utf8_general_ci`[0m
  [4;36;1mSQL (0.000000)[0m   [0;1mSET NAMES 'utf8'[0m
  [4;35;1mSQL (0.001000)[0m   [0mSET SQL_AUTO_IS_NULL=0[0m
  [4;36;1mSQL (0.072000)[0m   [0;1mCREATE TABLE `schema_info` (version int(11))[0m
  [4;35;1mSQL (0.012000)[0m   [0mINSERT INTO `schema_info` (version) VALUES(0)[0m
  [4;36;1mSQL (0.000000)[0m   [0;1mMysql::Error: Table 'schema_info' already exists: CREATE TABLE `schema_info` (version int(11))[0m
  [4;35;1mSQL (0.000000)[0m   [0mSELECT * FROM schema_info[0m
  [4;36;1mSQL (0.001000)[0m   [0;1mSHOW TABLES[0m
  [4;36;1mSQL (0.000000)[0m   [0;1mSET NAMES 'utf8'[0m
  [4;35;1mSQL (0.000000)[0m   [0mSET SQL_AUTO_IS_NULL=0[0m
  [4;36;1mSQL (0.000000)[0m   [0;1mMysql::Error: Table 'schema_info' already exists: CREATE TABLE `schema_info` (version int(11))[0m
  [4;35;1mSQL (0.000000)[0m   [0mMysql::Error: Table 'schema_info' already exists: CREATE TABLE `schema_info` (version int(11))[0m
  [4;36;1mSQL (0.001000)[0m   [0;1mSELECT version FROM schema_info[0m
Migrating to CreateProducts (1)
  [4;35;1mSQL (0.085000)[0m   [0mCREATE TABLE `products` (`id` int(11) DEFAULT NULL auto_increment PRIMARY KEY, `title` varchar(255) DEFAULT NULL, `description` text DEFAULT NULL, `image_url` varchar(255) DEFAULT NULL, `created_at` datetime DEFAULT NULL, `updated_at` datetime DEFAULT NULL) ENGINE=InnoDB[0m
  [4;36;1mSQL (0.016000)[0m   [0;1mUPDATE schema_info SET version = 1[0m
  [4;35;1mSQL (0.001000)[0m   [0mSELECT * FROM schema_info[0m
  [4;36;1mSQL (0.001000)[0m   [0;1mSHOW TABLES[0m
  [4;35;1mSQL (0.006000)[0m   [0mSHOW FIELDS FROM `products`[0m
  [4;36;1mSQL (0.006000)[0m   [0;1mdescribe `products`[0m
  [4;35;1mSQL (0.002000)[0m   [0mSHOW KEYS FROM `products`[0m
